This file contains any messages produced by compilers while
running configure, to aid debugging if configure makes a mistake.

It was created by trilearn__base_sources configure 3.3, which was
generated by GNU Autoconf 2.61.  Invocation command line was

  $ ./configure 

## --------- ##
## Platform. ##
## --------- ##

hostname = MaquinaX
uname -m = x86_64
uname -r = 4.4.0-62-generic
uname -s = Linux
uname -v = #83-Ubuntu SMP Wed Jan 18 14:10:15 UTC 2017

/usr/bin/uname -p = unknown
/bin/uname -X     = unknown

/bin/arch              = unknown
/usr/bin/arch -k       = unknown
/usr/convex/getsysinfo = unknown
/usr/bin/hostinfo      = unknown
/bin/machine           = unknown
/usr/bin/oslevel       = unknown
/bin/universe          = unknown

PATH: /home/celiberto/bin
PATH: /home/celiberto/.local/bin
PATH: /usr/local/sbin
PATH: /usr/local/bin
PATH: /usr/sbin
PATH: /usr/bin
PATH: /sbin
PATH: /bin
PATH: /usr/games
PATH: /usr/local/games
PATH: /snap/bin


## ----------- ##
## Core tests. ##
## ----------- ##

configure:1982: checking for a BSD-compatible install
configure:2038: result: /usr/bin/install -c
configure:2049: checking whether build environment is sane
configure:2092: result: yes
configure:2120: checking for a thread-safe mkdir -p
configure:2159: result: /bin/mkdir -p
configure:2172: checking for gawk
configure:2202: result: no
configure:2172: checking for mawk
configure:2188: found /usr/bin/mawk
configure:2199: result: mawk
configure:2210: checking whether make sets $(MAKE)
configure:2231: result: yes
configure:2471: checking for gcc
configure:2487: found /usr/bin/gcc
configure:2498: result: gcc
configure:2736: checking for C compiler version
configure:2743: gcc --version >&5
gcc (Ubuntu 5.4.0-6ubuntu1~16.04.4) 5.4.0 20160609
Copyright (C) 2015 Free Software Foundation, Inc.
This is free software; see the source for copying conditions.  There is NO
warranty; not even for MERCHANTABILITY or FITNESS FOR A PARTICULAR PURPOSE.

configure:2746: $? = 0
configure:2753: gcc -v >&5
Using built-in specs.
COLLECT_GCC=gcc
COLLECT_LTO_WRAPPER=/usr/lib/gcc/x86_64-linux-gnu/5/lto-wrapper
Target: x86_64-linux-gnu
Configured with: ../src/configure -v --with-pkgversion='Ubuntu 5.4.0-6ubuntu1~16.04.4' --with-bugurl=file:///usr/share/doc/gcc-5/README.Bugs --enable-languages=c,ada,c++,java,go,d,fortran,objc,obj-c++ --prefix=/usr --program-suffix=-5 --enable-shared --enable-linker-build-id --libexecdir=/usr/lib --without-included-gettext --enable-threads=posix --libdir=/usr/lib --enable-nls --with-sysroot=/ --enable-clocale=gnu --enable-libstdcxx-debug --enable-libstdcxx-time=yes --with-default-libstdcxx-abi=new --enable-gnu-unique-object --disable-vtable-verify --enable-libmpx --enable-plugin --with-system-zlib --disable-browser-plugin --enable-java-awt=gtk --enable-gtk-cairo --with-java-home=/usr/lib/jvm/java-1.5.0-gcj-5-amd64/jre --enable-java-home --with-jvm-root-dir=/usr/lib/jvm/java-1.5.0-gcj-5-amd64 --with-jvm-jar-dir=/usr/lib/jvm-exports/java-1.5.0-gcj-5-amd64 --with-arch-directory=amd64 --with-ecj-jar=/usr/share/java/eclipse-ecj.jar --enable-objc-gc --enable-multiarch --disable-werror --with-arch-32=i686 --with-abi=m64 --with-multilib-list=m32,m64,mx32 --enable-multilib --with-tune=generic --enable-checking=release --build=x86_64-linux-gnu --host=x86_64-linux-gnu --target=x86_64-linux-gnu
Thread model: posix
gcc version 5.4.0 20160609 (Ubuntu 5.4.0-6ubuntu1~16.04.4) 
configure:2756: $? = 0
configure:2763: gcc -V >&5
gcc: error: unrecognized command line option '-V'
gcc: fatal error: no input files
compilation terminated.
configure:2766: $? = 1
configure:2789: checking for C compiler default output file name
configure:2816: gcc    conftest.c  >&5
configure:2819: $? = 0
configure:2857: result: a.out
configure:2874: checking whether the C compiler works
configure:2884: ./a.out
configure:2887: $? = 0
configure:2904: result: yes
configure:2911: checking whether we are cross compiling
configure:2913: result: no
configure:2916: checking for suffix of executables
configure:2923: gcc -o conftest    conftest.c  >&5
configure:2926: $? = 0
configure:2950: result: 
configure:2956: checking for suffix of object files
configure:2982: gcc -c   conftest.c >&5
configure:2985: $? = 0
configure:3008: result: o
configure:3012: checking whether we are using the GNU C compiler
configure:3041: gcc -c   conftest.c >&5
configure:3047: $? = 0
configure:3064: result: yes
configure:3069: checking whether gcc accepts -g
configure:3099: gcc -c -g  conftest.c >&5
configure:3105: $? = 0
configure:3204: result: yes
configure:3221: checking for gcc option to accept ISO C89
configure:3295: gcc  -c -g -O2  conftest.c >&5
configure:3301: $? = 0
configure:3324: result: none needed
configure:3353: checking for style of include used by make
configure:3381: result: GNU
configure:3406: checking dependency style of gcc
configure:3497: result: gcc3
configure:3570: checking for g++
configure:3586: found /usr/bin/g++
configure:3597: result: g++
configure:3628: checking for C++ compiler version
configure:3635: g++ --version >&5
g++ (Ubuntu 5.4.0-6ubuntu1~16.04.4) 5.4.0 20160609
Copyright (C) 2015 Free Software Foundation, Inc.
This is free software; see the source for copying conditions.  There is NO
warranty; not even for MERCHANTABILITY or FITNESS FOR A PARTICULAR PURPOSE.

configure:3638: $? = 0
configure:3645: g++ -v >&5
Using built-in specs.
COLLECT_GCC=g++
COLLECT_LTO_WRAPPER=/usr/lib/gcc/x86_64-linux-gnu/5/lto-wrapper
Target: x86_64-linux-gnu
Configured with: ../src/configure -v --with-pkgversion='Ubuntu 5.4.0-6ubuntu1~16.04.4' --with-bugurl=file:///usr/share/doc/gcc-5/README.Bugs --enable-languages=c,ada,c++,java,go,d,fortran,objc,obj-c++ --prefix=/usr --program-suffix=-5 --enable-shared --enable-linker-build-id --libexecdir=/usr/lib --without-included-gettext --enable-threads=posix --libdir=/usr/lib --enable-nls --with-sysroot=/ --enable-clocale=gnu --enable-libstdcxx-debug --enable-libstdcxx-time=yes --with-default-libstdcxx-abi=new --enable-gnu-unique-object --disable-vtable-verify --enable-libmpx --enable-plugin --with-system-zlib --disable-browser-plugin --enable-java-awt=gtk --enable-gtk-cairo --with-java-home=/usr/lib/jvm/java-1.5.0-gcj-5-amd64/jre --enable-java-home --with-jvm-root-dir=/usr/lib/jvm/java-1.5.0-gcj-5-amd64 --with-jvm-jar-dir=/usr/lib/jvm-exports/java-1.5.0-gcj-5-amd64 --with-arch-directory=amd64 --with-ecj-jar=/usr/share/java/eclipse-ecj.jar --enable-objc-gc --enable-multiarch --disable-werror --with-arch-32=i686 --with-abi=m64 --with-multilib-list=m32,m64,mx32 --enable-multilib --with-tune=generic --enable-checking=release --build=x86_64-linux-gnu --host=x86_64-linux-gnu --target=x86_64-linux-gnu
Thread model: posix
gcc version 5.4.0 20160609 (Ubuntu 5.4.0-6ubuntu1~16.04.4) 
configure:3648: $? = 0
configure:3655: g++ -V >&5
g++: error: unrecognized command line option '-V'
g++: fatal error: no input files
compilation terminated.
configure:3658: $? = 1
configure:3661: checking whether we are using the GNU C++ compiler
configure:3690: g++ -c   conftest.cpp >&5
configure:3696: $? = 0
configure:3713: result: yes
configure:3718: checking whether g++ accepts -g
configure:3748: g++ -c -g  conftest.cpp >&5
configure:3754: $? = 0
configure:3853: result: yes
configure:3878: checking dependency style of g++
configure:3969: result: gcc3
configure:4062: checking build system type
configure:4080: result: x86_64-unknown-linux-gnu
configure:4102: checking host system type
configure:4117: result: x86_64-unknown-linux-gnu
configure:4139: checking for a sed that does not truncate output
configure:4195: result: /bin/sed
configure:4198: checking for grep that handles long lines and -e
configure:4272: result: /bin/grep
configure:4277: checking for egrep
configure:4355: result: /bin/grep -E
configure:4371: checking for ld used by gcc
configure:4438: result: /usr/bin/ld
configure:4447: checking if the linker (/usr/bin/ld) is GNU ld
configure:4462: result: yes
configure:4467: checking for /usr/bin/ld option to reload object files
configure:4474: result: -r
configure:4492: checking for BSD-compatible nm
configure:4541: result: /usr/bin/nm -B
configure:4545: checking whether ln -s works
configure:4549: result: yes
configure:4556: checking how to recognize dependent libraries
configure:4742: result: pass_all
configure:4831: gcc -c -g -O2  conftest.c >&5
configure:4834: $? = 0
configure:4987: checking how to run the C preprocessor
configure:5027: gcc -E  conftest.c
configure:5033: $? = 0
configure:5064: gcc -E  conftest.c
conftest.c:10:28: fatal error: ac_nonexistent.h: No such file or directory
compilation terminated.
configure:5070: $? = 1
configure: failed program was:
| /* confdefs.h.  */
| #define PACKAGE_NAME "trilearn__base_sources"
| #define PACKAGE_TARNAME "trilearn__base_sources"
| #define PACKAGE_VERSION "3.3"
| #define PACKAGE_STRING "trilearn__base_sources 3.3"
| #define PACKAGE_BUGREPORT "jellekok@science.uva.nl"
| #define PACKAGE "trilearn_base_sources"
| #define VERSION "3.3"
| /* end confdefs.h.  */
| #include <ac_nonexistent.h>
configure:5103: result: gcc -E
configure:5132: gcc -E  conftest.c
configure:5138: $? = 0
configure:5169: gcc -E  conftest.c
conftest.c:10:28: fatal error: ac_nonexistent.h: No such file or directory
compilation terminated.
configure:5175: $? = 1
configure: failed program was:
| /* confdefs.h.  */
| #define PACKAGE_NAME "trilearn__base_sources"
| #define PACKAGE_TARNAME "trilearn__base_sources"
| #define PACKAGE_VERSION "3.3"
| #define PACKAGE_STRING "trilearn__base_sources 3.3"
| #define PACKAGE_BUGREPORT "jellekok@science.uva.nl"
| #define PACKAGE "trilearn_base_sources"
| #define VERSION "3.3"
| /* end confdefs.h.  */
| #include <ac_nonexistent.h>
configure:5213: checking for ANSI C header files
configure:5243: gcc -c -g -O2  conftest.c >&5
configure:5249: $? = 0
configure:5348: gcc -o conftest -g -O2   conftest.c  >&5
configure:5351: $? = 0
configure:5357: ./conftest
configure:5360: $? = 0
configure:5377: result: yes
configure:5401: checking for sys/types.h
configure:5422: gcc -c -g -O2  conftest.c >&5
configure:5428: $? = 0
configure:5444: result: yes
configure:5401: checking for sys/stat.h
configure:5422: gcc -c -g -O2  conftest.c >&5
configure:5428: $? = 0
configure:5444: result: yes
configure:5401: checking for stdlib.h
configure:5422: gcc -c -g -O2  conftest.c >&5
configure:5428: $? = 0
configure:5444: result: yes
configure:5401: checking for string.h
configure:5422: gcc -c -g -O2  conftest.c >&5
configure:5428: $? = 0
configure:5444: result: yes
configure:5401: checking for memory.h
configure:5422: gcc -c -g -O2  conftest.c >&5
configure:5428: $? = 0
configure:5444: result: yes
configure:5401: checking for strings.h
configure:5422: gcc -c -g -O2  conftest.c >&5
configure:5428: $? = 0
configure:5444: result: yes
configure:5401: checking for inttypes.h
configure:5422: gcc -c -g -O2  conftest.c >&5
configure:5428: $? = 0
configure:5444: result: yes
configure:5401: checking for stdint.h
configure:5422: gcc -c -g -O2  conftest.c >&5
configure:5428: $? = 0
configure:5444: result: yes
configure:5401: checking for unistd.h
configure:5422: gcc -c -g -O2  conftest.c >&5
configure:5428: $? = 0
configure:5444: result: yes
configure:5471: checking dlfcn.h usability
configure:5488: gcc -c -g -O2  conftest.c >&5
configure:5494: $? = 0
configure:5508: result: yes
configure:5512: checking dlfcn.h presence
configure:5527: gcc -E  conftest.c
configure:5533: $? = 0
configure:5547: result: yes
configure:5580: checking for dlfcn.h
configure:5588: result: yes
configure:5611: checking how to run the C++ preprocessor
configure:5647: g++ -E  conftest.cpp
configure:5653: $? = 0
configure:5684: g++ -E  conftest.cpp
conftest.cpp:21:28: fatal error: ac_nonexistent.h: No such file or directory
compilation terminated.
configure:5690: $? = 1
configure: failed program was:
| /* confdefs.h.  */
| #define PACKAGE_NAME "trilearn__base_sources"
| #define PACKAGE_TARNAME "trilearn__base_sources"
| #define PACKAGE_VERSION "3.3"
| #define PACKAGE_STRING "trilearn__base_sources 3.3"
| #define PACKAGE_BUGREPORT "jellekok@science.uva.nl"
| #define PACKAGE "trilearn_base_sources"
| #define VERSION "3.3"
| #define STDC_HEADERS 1
| #define HAVE_SYS_TYPES_H 1
| #define HAVE_SYS_STAT_H 1
| #define HAVE_STDLIB_H 1
| #define HAVE_STRING_H 1
| #define HAVE_MEMORY_H 1
| #define HAVE_STRINGS_H 1
| #define HAVE_INTTYPES_H 1
| #define HAVE_STDINT_H 1
| #define HAVE_UNISTD_H 1
| #define HAVE_DLFCN_H 1
| /* end confdefs.h.  */
| #include <ac_nonexistent.h>
configure:5723: result: g++ -E
configure:5752: g++ -E  conftest.cpp
configure:5758: $? = 0
configure:5789: g++ -E  conftest.cpp
conftest.cpp:21:28: fatal error: ac_nonexistent.h: No such file or directory
compilation terminated.
configure:5795: $? = 1
configure: failed program was:
| /* confdefs.h.  */
| #define PACKAGE_NAME "trilearn__base_sources"
| #define PACKAGE_TARNAME "trilearn__base_sources"
| #define PACKAGE_VERSION "3.3"
| #define PACKAGE_STRING "trilearn__base_sources 3.3"
| #define PACKAGE_BUGREPORT "jellekok@science.uva.nl"
| #define PACKAGE "trilearn_base_sources"
| #define VERSION "3.3"
| #define STDC_HEADERS 1
| #define HAVE_SYS_TYPES_H 1
| #define HAVE_SYS_STAT_H 1
| #define HAVE_STDLIB_H 1
| #define HAVE_STRING_H 1
| #define HAVE_MEMORY_H 1
| #define HAVE_STRINGS_H 1
| #define HAVE_INTTYPES_H 1
| #define HAVE_STDINT_H 1
| #define HAVE_UNISTD_H 1
| #define HAVE_DLFCN_H 1
| /* end confdefs.h.  */
| #include <ac_nonexistent.h>
configure:5888: checking for g77
configure:5918: result: no
configure:5888: checking for xlf
configure:5918: result: no
configure:5888: checking for f77
configure:5918: result: no
configure:5888: checking for frt
configure:5918: result: no
configure:5888: checking for pgf77
configure:5918: result: no
configure:5888: checking for cf77
configure:5918: result: no
configure:5888: checking for fort77
configure:5918: result: no
configure:5888: checking for fl32
configure:5918: result: no
configure:5888: checking for af77
configure:5918: result: no
configure:5888: checking for xlf90
configure:5918: result: no
configure:5888: checking for f90
configure:5918: result: no
configure:5888: checking for pgf90
configure:5918: result: no
configure:5888: checking for pghpf
configure:5918: result: no
configure:5888: checking for epcf90
configure:5918: result: no
configure:5888: checking for gfortran
configure:5918: result: no
configure:5888: checking for g95
configure:5918: result: no
configure:5888: checking for xlf95
configure:5918: result: no
configure:5888: checking for f95
configure:5918: result: no
configure:5888: checking for fort
configure:5918: result: no
configure:5888: checking for ifort
configure:5918: result: no
configure:5888: checking for ifc
configure:5918: result: no
configure:5888: checking for efc
configure:5918: result: no
configure:5888: checking for pgf95
configure:5918: result: no
configure:5888: checking for lf95
configure:5918: result: no
configure:5888: checking for ftn
configure:5918: result: no
configure:5945: checking for Fortran 77 compiler version
configure:5952:  --version >&5
./configure: line 5953: --version: command not found
configure:5955: $? = 127
configure:5962:  -v >&5
./configure: line 5963: -v: command not found
configure:5965: $? = 127
configure:5972:  -V >&5
./configure: line 5973: -V: command not found
configure:5975: $? = 127
configure:5983: checking whether we are using the GNU Fortran 77 compiler
configure:6002:  -c  conftest.F >&5
./configure: line 6003: -c: command not found
configure:6008: $? = 127
configure: failed program was:
|       program main
| #ifndef __GNUC__
|        choke me
| #endif
| 
|       end
configure:6025: result: no
configure:6031: checking whether  accepts -g
configure:6048:  -c -g conftest.f >&5
./configure: line 6049: -c: command not found
configure:6054: $? = 127
configure: failed program was:
|       program main
| 
|       end
configure:6070: result: no
configure:6099: checking the maximum length of command line arguments
configure:6211: result: 1572864
configure:6223: checking command to parse /usr/bin/nm -B output from gcc object
configure:6328: gcc -c -g -O2  conftest.c >&5
configure:6331: $? = 0
configure:6335: /usr/bin/nm -B conftest.o \| sed -n -e 's/^.*[ 	]\([ABCDGIRSTW][ABCDGIRSTW]*\)[ 	][ 	]*\([_A-Za-z][_A-Za-z0-9]*\)$/\1 \2 \2/p' \> conftest.nm
configure:6338: $? = 0
configure:6390: gcc -o conftest -g -O2   conftest.c conftstm.o >&5
configure:6393: $? = 0
configure:6431: result: ok
configure:6435: checking for objdir
configure:6450: result: .libs
configure:6542: checking for ar
configure:6558: found /usr/bin/ar
configure:6569: result: ar
configure:6638: checking for ranlib
configure:6654: found /usr/bin/ranlib
configure:6665: result: ranlib
configure:6734: checking for strip
configure:6750: found /usr/bin/strip
configure:6761: result: strip
configure:7359: checking if gcc supports -fno-rtti -fno-exceptions
configure:7377: gcc -c -g -O2  -fno-rtti -fno-exceptions conftest.c >&5
cc1: warning: command line option '-fno-rtti' is valid for C++/ObjC++ but not for C
configure:7381: $? = 0
configure:7394: result: no
configure:7409: checking for gcc option to produce PIC
configure:7641: result: -fPIC
configure:7649: checking if gcc PIC flag -fPIC works
configure:7667: gcc -c -g -O2  -fPIC -DPIC conftest.c >&5
configure:7671: $? = 0
configure:7684: result: yes
configure:7712: checking if gcc static flag -static works
configure:7740: result: yes
configure:7750: checking if gcc supports -c -o file.o
configure:7771: gcc -c -g -O2  -o out/conftest2.o conftest.c >&5
configure:7775: $? = 0
configure:7797: result: yes
configure:7823: checking whether the gcc linker (/usr/bin/ld -m elf_x86_64) supports shared libraries
configure:8804: result: yes
configure:8825: checking whether -lc should be explicitly linked in
configure:8830: gcc -c -g -O2  conftest.c >&5
configure:8833: $? = 0
configure:8848: gcc -shared conftest.o  -v -Wl,-soname -Wl,conftest -o conftest 2\>\&1 \| grep  -lc  \>/dev/null 2\>\&1
configure:8851: $? = 0
configure:8863: result: no
configure:8871: checking dynamic linker characteristics
configure:9485: result: GNU/Linux ld.so
configure:9509: checking how to hardcode library paths into programs
configure:9534: result: immediate
configure:9548: checking whether stripping libraries is possible
configure:9553: result: yes
configure:10355: checking if libtool supports shared libraries
configure:10357: result: yes
configure:10360: checking whether to build shared libraries
configure:10381: result: yes
configure:10384: checking whether to build static libraries
configure:10388: result: yes
configure:10482: creating libtool
configure:11075: checking for ld used by g++
configure:11142: result: /usr/bin/ld -m elf_x86_64
configure:11151: checking if the linker (/usr/bin/ld -m elf_x86_64) is GNU ld
configure:11166: result: yes
configure:11217: checking whether the g++ linker (/usr/bin/ld -m elf_x86_64) supports shared libraries
configure:12163: result: yes
configure:12180: g++ -c -g -O2  conftest.cpp >&5
configure:12183: $? = 0
configure:12339: checking for g++ option to produce PIC
configure:12623: result: -fPIC
configure:12631: checking if g++ PIC flag -fPIC works
configure:12649: g++ -c -g -O2  -fPIC -DPIC conftest.cpp >&5
configure:12653: $? = 0
configure:12666: result: yes
configure:12694: checking if g++ static flag -static works
configure:12722: result: yes
configure:12732: checking if g++ supports -c -o file.o
configure:12753: g++ -c -g -O2  -o out/conftest2.o conftest.cpp >&5
configure:12757: $? = 0
configure:12779: result: yes
configure:12805: checking whether the g++ linker (/usr/bin/ld -m elf_x86_64) supports shared libraries
configure:12834: result: yes
configure:12901: checking dynamic linker characteristics
configure:13463: result: GNU/Linux ld.so
configure:13487: checking how to hardcode library paths into programs
configure:13512: result: immediate
configure:19762: checking for pthread_create in -lpthread
configure:19797: gcc -o conftest -g -O2   conftest.c -lpthread   >&5
configure:19803: $? = 0
configure:19821: result: yes
configure:19834: checking for ANSI C header files
configure:19998: result: yes
configure:20031: checking arpa/inet.h usability
configure:20048: gcc -c -g -O2  conftest.c >&5
configure:20054: $? = 0
configure:20068: result: yes
configure:20072: checking arpa/inet.h presence
configure:20087: gcc -E  conftest.c
configure:20093: $? = 0
configure:20107: result: yes
configure:20140: checking for arpa/inet.h
configure:20148: result: yes
configure:20031: checking fcntl.h usability
configure:20048: gcc -c -g -O2  conftest.c >&5
configure:20054: $? = 0
configure:20068: result: yes
configure:20072: checking fcntl.h presence
configure:20087: gcc -E  conftest.c
configure:20093: $? = 0
configure:20107: result: yes
configure:20140: checking for fcntl.h
configure:20148: result: yes
configure:20031: checking netdb.h usability
configure:20048: gcc -c -g -O2  conftest.c >&5
configure:20054: $? = 0
configure:20068: result: yes
configure:20072: checking netdb.h presence
configure:20087: gcc -E  conftest.c
configure:20093: $? = 0
configure:20107: result: yes
configure:20140: checking for netdb.h
configure:20148: result: yes
configure:20021: checking for stdlib.h
configure:20027: result: yes
configure:20021: checking for string.h
configure:20027: result: yes
configure:20021: checking for strings.h
configure:20027: result: yes
configure:20031: checking sys/socket.h usability
configure:20048: gcc -c -g -O2  conftest.c >&5
configure:20054: $? = 0
configure:20068: result: yes
configure:20072: checking sys/socket.h presence
configure:20087: gcc -E  conftest.c
configure:20093: $? = 0
configure:20107: result: yes
configure:20140: checking for sys/socket.h
configure:20148: result: yes
configure:20031: checking sys/time.h usability
configure:20048: gcc -c -g -O2  conftest.c >&5
configure:20054: $? = 0
configure:20068: result: yes
configure:20072: checking sys/time.h presence
configure:20087: gcc -E  conftest.c
configure:20093: $? = 0
configure:20107: result: yes
configure:20140: checking for sys/time.h
configure:20148: result: yes
configure:20021: checking for unistd.h
configure:20027: result: yes
configure:20163: checking for stdbool.h that conforms to C99
configure:20256: gcc -c -g -O2  conftest.c >&5
configure:20262: $? = 0
configure:20277: result: yes
configure:20279: checking for _Bool
configure:20309: gcc -c -g -O2  conftest.c >&5
configure:20315: $? = 0
configure:20330: result: yes
configure:20349: checking for an ANSI C-conforming const
configure:20424: gcc -c -g -O2  conftest.c >&5
configure:20430: $? = 0
configure:20445: result: yes
configure:20455: checking for inline
configure:20481: gcc -c -g -O2  conftest.c >&5
configure:20487: $? = 0
configure:20505: result: inline
configure:20524: checking for size_t
configure:20554: gcc -c -g -O2  conftest.c >&5
configure:20560: $? = 0
configure:20575: result: yes
configure:20587: checking whether time.h and sys/time.h may both be included
configure:20617: gcc -c -g -O2  conftest.c >&5
configure:20623: $? = 0
configure:20638: result: yes
configure:20666: checking sys/select.h usability
configure:20683: gcc -c -g -O2  conftest.c >&5
configure:20689: $? = 0
configure:20703: result: yes
configure:20707: checking sys/select.h presence
configure:20722: gcc -E  conftest.c
configure:20728: $? = 0
configure:20742: result: yes
configure:20775: checking for sys/select.h
configure:20783: result: yes
configure:20656: checking for sys/socket.h
configure:20662: result: yes
configure:20796: checking types of arguments for select
configure:20834: gcc -c -g -O2  conftest.c >&5
configure:20840: $? = 0
configure:20861: result: int,fd_set *,struct timeval *
configure:20899: checking for floor
configure:20955: gcc -o conftest -g -O2   conftest.c -lpthread  >&5
conftest.c:63:6: warning: conflicting types for built-in function 'floor'
 char floor ();
      ^
/tmp/ccr1OaAH.o: In function `main':
/home/celiberto/Desktop/trilearnUFABC/conftest.c:74: undefined reference to `floor'
collect2: error: ld returned 1 exit status
configure:20961: $? = 1
configure: failed program was:
| /* confdefs.h.  */
| #define PACKAGE_NAME "trilearn__base_sources"
| #define PACKAGE_TARNAME "trilearn__base_sources"
| #define PACKAGE_VERSION "3.3"
| #define PACKAGE_STRING "trilearn__base_sources 3.3"
| #define PACKAGE_BUGREPORT "jellekok@science.uva.nl"
| #define PACKAGE "trilearn_base_sources"
| #define VERSION "3.3"
| #define STDC_HEADERS 1
| #define HAVE_SYS_TYPES_H 1
| #define HAVE_SYS_STAT_H 1
| #define HAVE_STDLIB_H 1
| #define HAVE_STRING_H 1
| #define HAVE_MEMORY_H 1
| #define HAVE_STRINGS_H 1
| #define HAVE_INTTYPES_H 1
| #define HAVE_STDINT_H 1
| #define HAVE_UNISTD_H 1
| #define HAVE_DLFCN_H 1
| #define HAVE_LIBPTHREAD 1
| #define STDC_HEADERS 1
| #define HAVE_ARPA_INET_H 1
| #define HAVE_FCNTL_H 1
| #define HAVE_NETDB_H 1
| #define HAVE_STDLIB_H 1
| #define HAVE_STRING_H 1
| #define HAVE_STRINGS_H 1
| #define HAVE_SYS_SOCKET_H 1
| #define HAVE_SYS_TIME_H 1
| #define HAVE_UNISTD_H 1
| #define HAVE__BOOL 1
| #define HAVE_STDBOOL_H 1
| #define TIME_WITH_SYS_TIME 1
| #define HAVE_SYS_SELECT_H 1
| #define HAVE_SYS_SOCKET_H 1
| #define SELECT_TYPE_ARG1 int
| #define SELECT_TYPE_ARG234 (fd_set *)
| #define SELECT_TYPE_ARG5 (struct timeval *)
| /* end confdefs.h.  */
| /* Define floor to an innocuous variant, in case <limits.h> declares floor.
|    For example, HP-UX 11i <limits.h> declares gettimeofday.  */
| #define floor innocuous_floor
| 
| /* System header to define __stub macros and hopefully few prototypes,
|     which can conflict with char floor (); below.
|     Prefer <limits.h> to <assert.h> if __STDC__ is defined, since
|     <limits.h> exists even on freestanding compilers.  */
| 
| #ifdef __STDC__
| # include <limits.h>
| #else
| # include <assert.h>
| #endif
| 
| #undef floor
| 
| /* Override any GCC internal prototype to avoid an error.
|    Use char because int might match the return type of a GCC
|    builtin and then its argument prototype would still apply.  */
| #ifdef __cplusplus
| extern "C"
| #endif
| char floor ();
| /* The GNU C library defines this for functions which it implements
|     to always fail with ENOSYS.  Some functions are actually named
|     something starting with __ and the normal name is an alias.  */
| #if defined __stub_floor || defined __stub___floor
| choke me
| #endif
| 
| int
| main ()
| {
| return floor ();
|   ;
|   return 0;
| }
configure:20979: result: no
configure:20899: checking for gethostbyname
configure:20955: gcc -o conftest -g -O2   conftest.c -lpthread  >&5
configure:20961: $? = 0
configure:20979: result: yes
configure:20899: checking for gettimeofday
configure:20955: gcc -o conftest -g -O2   conftest.c -lpthread  >&5
configure:20961: $? = 0
configure:20979: result: yes
configure:20899: checking for inet_ntoa
configure:20955: gcc -o conftest -g -O2   conftest.c -lpthread  >&5
configure:20961: $? = 0
configure:20979: result: yes
configure:20899: checking for pow
configure:20955: gcc -o conftest -g -O2   conftest.c -lpthread  >&5
conftest.c:66:6: warning: conflicting types for built-in function 'pow'
 char pow ();
      ^
/tmp/ccdlSbx2.o: In function `main':
/home/celiberto/Desktop/trilearnUFABC/conftest.c:77: undefined reference to `pow'
collect2: error: ld returned 1 exit status
configure:20961: $? = 1
configure: failed program was:
| /* confdefs.h.  */
| #define PACKAGE_NAME "trilearn__base_sources"
| #define PACKAGE_TARNAME "trilearn__base_sources"
| #define PACKAGE_VERSION "3.3"
| #define PACKAGE_STRING "trilearn__base_sources 3.3"
| #define PACKAGE_BUGREPORT "jellekok@science.uva.nl"
| #define PACKAGE "trilearn_base_sources"
| #define VERSION "3.3"
| #define STDC_HEADERS 1
| #define HAVE_SYS_TYPES_H 1
| #define HAVE_SYS_STAT_H 1
| #define HAVE_STDLIB_H 1
| #define HAVE_STRING_H 1
| #define HAVE_MEMORY_H 1
| #define HAVE_STRINGS_H 1
| #define HAVE_INTTYPES_H 1
| #define HAVE_STDINT_H 1
| #define HAVE_UNISTD_H 1
| #define HAVE_DLFCN_H 1
| #define HAVE_LIBPTHREAD 1
| #define STDC_HEADERS 1
| #define HAVE_ARPA_INET_H 1
| #define HAVE_FCNTL_H 1
| #define HAVE_NETDB_H 1
| #define HAVE_STDLIB_H 1
| #define HAVE_STRING_H 1
| #define HAVE_STRINGS_H 1
| #define HAVE_SYS_SOCKET_H 1
| #define HAVE_SYS_TIME_H 1
| #define HAVE_UNISTD_H 1
| #define HAVE__BOOL 1
| #define HAVE_STDBOOL_H 1
| #define TIME_WITH_SYS_TIME 1
| #define HAVE_SYS_SELECT_H 1
| #define HAVE_SYS_SOCKET_H 1
| #define SELECT_TYPE_ARG1 int
| #define SELECT_TYPE_ARG234 (fd_set *)
| #define SELECT_TYPE_ARG5 (struct timeval *)
| #define HAVE_GETHOSTBYNAME 1
| #define HAVE_GETTIMEOFDAY 1
| #define HAVE_INET_NTOA 1
| /* end confdefs.h.  */
| /* Define pow to an innocuous variant, in case <limits.h> declares pow.
|    For example, HP-UX 11i <limits.h> declares gettimeofday.  */
| #define pow innocuous_pow
| 
| /* System header to define __stub macros and hopefully few prototypes,
|     which can conflict with char pow (); below.
|     Prefer <limits.h> to <assert.h> if __STDC__ is defined, since
|     <limits.h> exists even on freestanding compilers.  */
| 
| #ifdef __STDC__
| # include <limits.h>
| #else
| # include <assert.h>
| #endif
| 
| #undef pow
| 
| /* Override any GCC internal prototype to avoid an error.
|    Use char because int might match the return type of a GCC
|    builtin and then its argument prototype would still apply.  */
| #ifdef __cplusplus
| extern "C"
| #endif
| char pow ();
| /* The GNU C library defines this for functions which it implements
|     to always fail with ENOSYS.  Some functions are actually named
|     something starting with __ and the normal name is an alias.  */
| #if defined __stub_pow || defined __stub___pow
| choke me
| #endif
| 
| int
| main ()
| {
| return pow ();
|   ;
|   return 0;
| }
configure:20979: result: no
configure:20899: checking for rint
configure:20955: gcc -o conftest -g -O2   conftest.c -lpthread  >&5
conftest.c:66:6: warning: conflicting types for built-in function 'rint'
 char rint ();
      ^
/tmp/cclWw6W7.o: In function `main':
/home/celiberto/Desktop/trilearnUFABC/conftest.c:77: undefined reference to `rint'
collect2: error: ld returned 1 exit status
configure:20961: $? = 1
configure: failed program was:
| /* confdefs.h.  */
| #define PACKAGE_NAME "trilearn__base_sources"
| #define PACKAGE_TARNAME "trilearn__base_sources"
| #define PACKAGE_VERSION "3.3"
| #define PACKAGE_STRING "trilearn__base_sources 3.3"
| #define PACKAGE_BUGREPORT "jellekok@science.uva.nl"
| #define PACKAGE "trilearn_base_sources"
| #define VERSION "3.3"
| #define STDC_HEADERS 1
| #define HAVE_SYS_TYPES_H 1
| #define HAVE_SYS_STAT_H 1
| #define HAVE_STDLIB_H 1
| #define HAVE_STRING_H 1
| #define HAVE_MEMORY_H 1
| #define HAVE_STRINGS_H 1
| #define HAVE_INTTYPES_H 1
| #define HAVE_STDINT_H 1
| #define HAVE_UNISTD_H 1
| #define HAVE_DLFCN_H 1
| #define HAVE_LIBPTHREAD 1
| #define STDC_HEADERS 1
| #define HAVE_ARPA_INET_H 1
| #define HAVE_FCNTL_H 1
| #define HAVE_NETDB_H 1
| #define HAVE_STDLIB_H 1
| #define HAVE_STRING_H 1
| #define HAVE_STRINGS_H 1
| #define HAVE_SYS_SOCKET_H 1
| #define HAVE_SYS_TIME_H 1
| #define HAVE_UNISTD_H 1
| #define HAVE__BOOL 1
| #define HAVE_STDBOOL_H 1
| #define TIME_WITH_SYS_TIME 1
| #define HAVE_SYS_SELECT_H 1
| #define HAVE_SYS_SOCKET_H 1
| #define SELECT_TYPE_ARG1 int
| #define SELECT_TYPE_ARG234 (fd_set *)
| #define SELECT_TYPE_ARG5 (struct timeval *)
| #define HAVE_GETHOSTBYNAME 1
| #define HAVE_GETTIMEOFDAY 1
| #define HAVE_INET_NTOA 1
| /* end confdefs.h.  */
| /* Define rint to an innocuous variant, in case <limits.h> declares rint.
|    For example, HP-UX 11i <limits.h> declares gettimeofday.  */
| #define rint innocuous_rint
| 
| /* System header to define __stub macros and hopefully few prototypes,
|     which can conflict with char rint (); below.
|     Prefer <limits.h> to <assert.h> if __STDC__ is defined, since
|     <limits.h> exists even on freestanding compilers.  */
| 
| #ifdef __STDC__
| # include <limits.h>
| #else
| # include <assert.h>
| #endif
| 
| #undef rint
| 
| /* Override any GCC internal prototype to avoid an error.
|    Use char because int might match the return type of a GCC
|    builtin and then its argument prototype would still apply.  */
| #ifdef __cplusplus
| extern "C"
| #endif
| char rint ();
| /* The GNU C library defines this for functions which it implements
|     to always fail with ENOSYS.  Some functions are actually named
|     something starting with __ and the normal name is an alias.  */
| #if defined __stub_rint || defined __stub___rint
| choke me
| #endif
| 
| int
| main ()
| {
| return rint ();
|   ;
|   return 0;
| }
configure:20979: result: no
configure:20899: checking for select
configure:20955: gcc -o conftest -g -O2   conftest.c -lpthread  >&5
configure:20961: $? = 0
configure:20979: result: yes
configure:20899: checking for socket
configure:20955: gcc -o conftest -g -O2   conftest.c -lpthread  >&5
configure:20961: $? = 0
configure:20979: result: yes
configure:20899: checking for sqrt
configure:20955: gcc -o conftest -g -O2   conftest.c -lpthread  >&5
conftest.c:68:6: warning: conflicting types for built-in function 'sqrt'
 char sqrt ();
      ^
/tmp/ccj4K3tb.o: In function `main':
/home/celiberto/Desktop/trilearnUFABC/conftest.c:79: undefined reference to `sqrt'
collect2: error: ld returned 1 exit status
configure:20961: $? = 1
configure: failed program was:
| /* confdefs.h.  */
| #define PACKAGE_NAME "trilearn__base_sources"
| #define PACKAGE_TARNAME "trilearn__base_sources"
| #define PACKAGE_VERSION "3.3"
| #define PACKAGE_STRING "trilearn__base_sources 3.3"
| #define PACKAGE_BUGREPORT "jellekok@science.uva.nl"
| #define PACKAGE "trilearn_base_sources"
| #define VERSION "3.3"
| #define STDC_HEADERS 1
| #define HAVE_SYS_TYPES_H 1
| #define HAVE_SYS_STAT_H 1
| #define HAVE_STDLIB_H 1
| #define HAVE_STRING_H 1
| #define HAVE_MEMORY_H 1
| #define HAVE_STRINGS_H 1
| #define HAVE_INTTYPES_H 1
| #define HAVE_STDINT_H 1
| #define HAVE_UNISTD_H 1
| #define HAVE_DLFCN_H 1
| #define HAVE_LIBPTHREAD 1
| #define STDC_HEADERS 1
| #define HAVE_ARPA_INET_H 1
| #define HAVE_FCNTL_H 1
| #define HAVE_NETDB_H 1
| #define HAVE_STDLIB_H 1
| #define HAVE_STRING_H 1
| #define HAVE_STRINGS_H 1
| #define HAVE_SYS_SOCKET_H 1
| #define HAVE_SYS_TIME_H 1
| #define HAVE_UNISTD_H 1
| #define HAVE__BOOL 1
| #define HAVE_STDBOOL_H 1
| #define TIME_WITH_SYS_TIME 1
| #define HAVE_SYS_SELECT_H 1
| #define HAVE_SYS_SOCKET_H 1
| #define SELECT_TYPE_ARG1 int
| #define SELECT_TYPE_ARG234 (fd_set *)
| #define SELECT_TYPE_ARG5 (struct timeval *)
| #define HAVE_GETHOSTBYNAME 1
| #define HAVE_GETTIMEOFDAY 1
| #define HAVE_INET_NTOA 1
| #define HAVE_SELECT 1
| #define HAVE_SOCKET 1
| /* end confdefs.h.  */
| /* Define sqrt to an innocuous variant, in case <limits.h> declares sqrt.
|    For example, HP-UX 11i <limits.h> declares gettimeofday.  */
| #define sqrt innocuous_sqrt
| 
| /* System header to define __stub macros and hopefully few prototypes,
|     which can conflict with char sqrt (); below.
|     Prefer <limits.h> to <assert.h> if __STDC__ is defined, since
|     <limits.h> exists even on freestanding compilers.  */
| 
| #ifdef __STDC__
| # include <limits.h>
| #else
| # include <assert.h>
| #endif
| 
| #undef sqrt
| 
| /* Override any GCC internal prototype to avoid an error.
|    Use char because int might match the return type of a GCC
|    builtin and then its argument prototype would still apply.  */
| #ifdef __cplusplus
| extern "C"
| #endif
| char sqrt ();
| /* The GNU C library defines this for functions which it implements
|     to always fail with ENOSYS.  Some functions are actually named
|     something starting with __ and the normal name is an alias.  */
| #if defined __stub_sqrt || defined __stub___sqrt
| choke me
| #endif
| 
| int
| main ()
| {
| return sqrt ();
|   ;
|   return 0;
| }
configure:20979: result: no
configure:20899: checking for strcasecmp
configure:20955: gcc -o conftest -g -O2   conftest.c -lpthread  >&5
conftest.c:68:6: warning: conflicting types for built-in function 'strcasecmp'
 char strcasecmp ();
      ^
configure:20961: $? = 0
configure:20979: result: yes
configure:20899: checking for strdup
configure:20955: gcc -o conftest -g -O2   conftest.c -lpthread  >&5
conftest.c:69:6: warning: conflicting types for built-in function 'strdup'
 char strdup ();
      ^
configure:20961: $? = 0
configure:20979: result: yes
configure:20899: checking for strstr
configure:20955: gcc -o conftest -g -O2   conftest.c -lpthread  >&5
conftest.c:70:6: warning: conflicting types for built-in function 'strstr'
 char strstr ();
      ^
configure:20961: $? = 0
configure:20979: result: yes
configure:21114: creating ./config.status

## ---------------------- ##
## Running config.status. ##
## ---------------------- ##

This file was extended by trilearn__base_sources config.status 3.3, which was
generated by GNU Autoconf 2.61.  Invocation command line was

  CONFIG_FILES    = 
  CONFIG_HEADERS  = 
  CONFIG_LINKS    = 
  CONFIG_COMMANDS = 
  $ ./config.status 

on MaquinaX

config.status:665: creating Makefile
config.status:665: creating src/Makefile
config.status:665: creating config.h
config.status:919: config.h is unchanged
config.status:966: executing depfiles commands

## ---------------- ##
## Cache variables. ##
## ---------------- ##

ac_cv_build=x86_64-unknown-linux-gnu
ac_cv_c_compiler_gnu=yes
ac_cv_c_const=yes
ac_cv_c_inline=inline
ac_cv_cxx_compiler_gnu=yes
ac_cv_env_CCC_set=
ac_cv_env_CCC_value=
ac_cv_env_CC_set=
ac_cv_env_CC_value=
ac_cv_env_CFLAGS_set=
ac_cv_env_CFLAGS_value=
ac_cv_env_CPPFLAGS_set=
ac_cv_env_CPPFLAGS_value=
ac_cv_env_CPP_set=
ac_cv_env_CPP_value=
ac_cv_env_CXXCPP_set=
ac_cv_env_CXXCPP_value=
ac_cv_env_CXXFLAGS_set=
ac_cv_env_CXXFLAGS_value=
ac_cv_env_CXX_set=
ac_cv_env_CXX_value=
ac_cv_env_F77_set=
ac_cv_env_F77_value=
ac_cv_env_FFLAGS_set=
ac_cv_env_FFLAGS_value=
ac_cv_env_LDFLAGS_set=
ac_cv_env_LDFLAGS_value=
ac_cv_env_LIBS_set=
ac_cv_env_LIBS_value=
ac_cv_env_build_alias_set=
ac_cv_env_build_alias_value=
ac_cv_env_host_alias_set=
ac_cv_env_host_alias_value=
ac_cv_env_target_alias_set=
ac_cv_env_target_alias_value=
ac_cv_f77_compiler_gnu=no
ac_cv_func_floor=no
ac_cv_func_gethostbyname=yes
ac_cv_func_gettimeofday=yes
ac_cv_func_inet_ntoa=yes
ac_cv_func_pow=no
ac_cv_func_rint=no
ac_cv_func_select=yes
ac_cv_func_select_args='int,fd_set *,struct timeval *'
ac_cv_func_socket=yes
ac_cv_func_sqrt=no
ac_cv_func_strcasecmp=yes
ac_cv_func_strdup=yes
ac_cv_func_strstr=yes
ac_cv_header_arpa_inet_h=yes
ac_cv_header_dlfcn_h=yes
ac_cv_header_fcntl_h=yes
ac_cv_header_inttypes_h=yes
ac_cv_header_memory_h=yes
ac_cv_header_netdb_h=yes
ac_cv_header_stdbool_h=yes
ac_cv_header_stdc=yes
ac_cv_header_stdint_h=yes
ac_cv_header_stdlib_h=yes
ac_cv_header_string_h=yes
ac_cv_header_strings_h=yes
ac_cv_header_sys_select_h=yes
ac_cv_header_sys_socket_h=yes
ac_cv_header_sys_stat_h=yes
ac_cv_header_sys_time_h=yes
ac_cv_header_sys_types_h=yes
ac_cv_header_time=yes
ac_cv_header_unistd_h=yes
ac_cv_host=x86_64-unknown-linux-gnu
ac_cv_lib_pthread_pthread_create=yes
ac_cv_objext=o
ac_cv_path_EGREP='/bin/grep -E'
ac_cv_path_GREP=/bin/grep
ac_cv_path_install='/usr/bin/install -c'
ac_cv_path_mkdir=/bin/mkdir
ac_cv_prog_AWK=mawk
ac_cv_prog_CPP='gcc -E'
ac_cv_prog_CXXCPP='g++ -E'
ac_cv_prog_ac_ct_AR=ar
ac_cv_prog_ac_ct_CC=gcc
ac_cv_prog_ac_ct_CXX=g++
ac_cv_prog_ac_ct_RANLIB=ranlib
ac_cv_prog_ac_ct_STRIP=strip
ac_cv_prog_cc_c89=
ac_cv_prog_cc_g=yes
ac_cv_prog_cxx_g=yes
ac_cv_prog_f77_g=no
ac_cv_prog_make_make_set=yes
ac_cv_type__Bool=yes
ac_cv_type_size_t=yes
am_cv_CC_dependencies_compiler_type=gcc3
am_cv_CXX_dependencies_compiler_type=gcc3
lt_cv_deplibs_check_method=pass_all
lt_cv_file_magic_cmd='$MAGIC_CMD'
lt_cv_file_magic_test_file=
lt_cv_ld_reload_flag=-r
lt_cv_objdir=.libs
lt_cv_path_LD=/usr/bin/ld
lt_cv_path_LDCXX='/usr/bin/ld -m elf_x86_64'
lt_cv_path_NM='/usr/bin/nm -B'
lt_cv_path_SED=/bin/sed
lt_cv_prog_compiler_c_o=yes
lt_cv_prog_compiler_c_o_CXX=yes
lt_cv_prog_compiler_pic_works=yes
lt_cv_prog_compiler_pic_works_CXX=yes
lt_cv_prog_compiler_rtti_exceptions=no
lt_cv_prog_compiler_static_works=yes
lt_cv_prog_compiler_static_works_CXX=yes
lt_cv_prog_gnu_ld=yes
lt_cv_prog_gnu_ldcxx=yes
lt_cv_sys_global_symbol_pipe='sed -n -e '\''s/^.*[ 	]\([ABCDGIRSTW][ABCDGIRSTW]*\)[ 	][ 	]*\([_A-Za-z][_A-Za-z0-9]*\)$/\1 \2 \2/p'\'''
lt_cv_sys_global_symbol_to_c_name_address='sed -n -e '\''s/^: \([^ ]*\) $/  {\"\1\", (lt_ptr) 0},/p'\'' -e '\''s/^[BCDEGRST] \([^ ]*\) \([^ ]*\)$/  {"\2", (lt_ptr) \&\2},/p'\'''
lt_cv_sys_global_symbol_to_cdecl='sed -n -e '\''s/^. .* \(.*\)$/extern int \1;/p'\'''
lt_cv_sys_lib_dlsearch_path_spec='/lib /usr/lib /usr/lib/x86_64-linux-gnu/libfakeroot /usr/local/lib /lib/x86_64-linux-gnu /usr/lib/x86_64-linux-gnu /usr/lib/x86_64-linux-gnu/mesa-egl /usr/lib/x86_64-linux-gnu/mesa /usr/lib /usr/local/lib /usr/local/share '
lt_cv_sys_lib_search_path_spec='/usr/lib/gcc/x86_64-linux-gnu/5 /usr/lib/x86_64-linux-gnu /usr/lib /lib/x86_64-linux-gnu /lib'
lt_cv_sys_max_cmd_len=1572864
lt_lt_cv_prog_compiler_c_o='"yes"'
lt_lt_cv_prog_compiler_c_o_CXX='"yes"'
lt_lt_cv_sys_global_symbol_pipe='"sed -n -e '\''s/^.*[ 	]\\([ABCDGIRSTW][ABCDGIRSTW]*\\)[ 	][ 	]*\\([_A-Za-z][_A-Za-z0-9]*\\)\$/\\1 \\2 \\2/p'\''"'
lt_lt_cv_sys_global_symbol_to_c_name_address='"sed -n -e '\''s/^: \\([^ ]*\\) \$/  {\\\"\\1\\\", (lt_ptr) 0},/p'\'' -e '\''s/^[BCDEGRST] \\([^ ]*\\) \\([^ ]*\\)\$/  {\"\\2\", (lt_ptr) \\&\\2},/p'\''"'
lt_lt_cv_sys_global_symbol_to_cdecl='"sed -n -e '\''s/^. .* \\(.*\\)\$/extern int \\1;/p'\''"'

## ----------------- ##
## Output variables. ##
## ----------------- ##

ACLOCAL='${SHELL} /home/celiberto/Desktop/trilearnUFABC/missing --run aclocal-1.10'
AMDEPBACKSLASH='\'
AMDEP_FALSE='#'
AMDEP_TRUE=''
AMTAR='${SHELL} /home/celiberto/Desktop/trilearnUFABC/missing --run tar'
AR='ar'
AUTOCONF='${SHELL} /home/celiberto/Desktop/trilearnUFABC/missing --run autoconf'
AUTOHEADER='${SHELL} /home/celiberto/Desktop/trilearnUFABC/missing --run autoheader'
AUTOMAKE='${SHELL} /home/celiberto/Desktop/trilearnUFABC/missing --run automake-1.10'
AWK='mawk'
CC='gcc'
CCDEPMODE='depmode=gcc3'
CFLAGS='-g -O2'
CPP='gcc -E'
CPPFLAGS=''
CXX='g++'
CXXCPP='g++ -E'
CXXDEPMODE='depmode=gcc3'
CXXFLAGS='-g -O2'
CYGPATH_W='echo'
DEFS='-DHAVE_CONFIG_H'
DEPDIR='.deps'
DSYMUTIL=''
ECHO='echo'
ECHO_C=''
ECHO_N='-n'
ECHO_T=''
EGREP='/bin/grep -E'
EXEEXT=''
F77=''
FFLAGS=''
GREP='/bin/grep'
INSTALL_DATA='${INSTALL} -m 644'
INSTALL_PROGRAM='${INSTALL}'
INSTALL_SCRIPT='${INSTALL}'
INSTALL_STRIP_PROGRAM='$(install_sh) -c -s'
LDFLAGS=''
LIBOBJS=''
LIBS='-lpthread '
LIBTOOL='$(SHELL) $(top_builddir)/libtool'
LN_S='ln -s'
LTLIBOBJS=''
MAKEINFO='${SHELL} /home/celiberto/Desktop/trilearnUFABC/missing --run makeinfo'
NMEDIT=''
OBJEXT='o'
PACKAGE='trilearn_base_sources'
PACKAGE_BUGREPORT='jellekok@science.uva.nl'
PACKAGE_NAME='trilearn__base_sources'
PACKAGE_STRING='trilearn__base_sources 3.3'
PACKAGE_TARNAME='trilearn__base_sources'
PACKAGE_VERSION='3.3'
PATH_SEPARATOR=':'
RANLIB='ranlib'
SED='/bin/sed'
SET_MAKE=''
SHELL='/bin/bash'
STRIP='strip'
VERSION='3.3'
ac_ct_CC='gcc'
ac_ct_CXX='g++'
ac_ct_F77=''
am__fastdepCC_FALSE='#'
am__fastdepCC_TRUE=''
am__fastdepCXX_FALSE='#'
am__fastdepCXX_TRUE=''
am__include='include'
am__isrc=''
am__leading_dot='.'
am__quote=''
am__tar='${AMTAR} chof - "$$tardir"'
am__untar='${AMTAR} xf -'
bindir='${exec_prefix}/bin'
build='x86_64-unknown-linux-gnu'
build_alias=''
build_cpu='x86_64'
build_os='linux-gnu'
build_vendor='unknown'
datadir='${datarootdir}'
datarootdir='${prefix}/share'
docdir='${datarootdir}/doc/${PACKAGE_TARNAME}'
dvidir='${docdir}'
exec_prefix='${prefix}'
host='x86_64-unknown-linux-gnu'
host_alias=''
host_cpu='x86_64'
host_os='linux-gnu'
host_vendor='unknown'
htmldir='${docdir}'
includedir='${prefix}/include'
infodir='${datarootdir}/info'
install_sh='$(SHELL) /home/celiberto/Desktop/trilearnUFABC/install-sh'
libdir='${exec_prefix}/lib'
libexecdir='${exec_prefix}/libexec'
localedir='${datarootdir}/locale'
localstatedir='${prefix}/var'
mandir='${datarootdir}/man'
mkdir_p='/bin/mkdir -p'
oldincludedir='/usr/include'
pdfdir='${docdir}'
prefix='/usr/local'
program_transform_name='s,x,x,'
psdir='${docdir}'
sbindir='${exec_prefix}/sbin'
sharedstatedir='${prefix}/com'
sysconfdir='${prefix}/etc'
target_alias=''

## ----------- ##
## confdefs.h. ##
## ----------- ##

#define PACKAGE_NAME "trilearn__base_sources"
#define PACKAGE_TARNAME "trilearn__base_sources"
#define PACKAGE_VERSION "3.3"
#define PACKAGE_STRING "trilearn__base_sources 3.3"
#define PACKAGE_BUGREPORT "jellekok@science.uva.nl"
#define PACKAGE "trilearn_base_sources"
#define VERSION "3.3"
#define STDC_HEADERS 1
#define HAVE_SYS_TYPES_H 1
#define HAVE_SYS_STAT_H 1
#define HAVE_STDLIB_H 1
#define HAVE_STRING_H 1
#define HAVE_MEMORY_H 1
#define HAVE_STRINGS_H 1
#define HAVE_INTTYPES_H 1
#define HAVE_STDINT_H 1
#define HAVE_UNISTD_H 1
#define HAVE_DLFCN_H 1
#define HAVE_LIBPTHREAD 1
#define STDC_HEADERS 1
#define HAVE_ARPA_INET_H 1
#define HAVE_FCNTL_H 1
#define HAVE_NETDB_H 1
#define HAVE_STDLIB_H 1
#define HAVE_STRING_H 1
#define HAVE_STRINGS_H 1
#define HAVE_SYS_SOCKET_H 1
#define HAVE_SYS_TIME_H 1
#define HAVE_UNISTD_H 1
#define HAVE__BOOL 1
#define HAVE_STDBOOL_H 1
#define TIME_WITH_SYS_TIME 1
#define HAVE_SYS_SELECT_H 1
#define HAVE_SYS_SOCKET_H 1
#define SELECT_TYPE_ARG1 int
#define SELECT_TYPE_ARG234 (fd_set *)
#define SELECT_TYPE_ARG5 (struct timeval *)
#define HAVE_GETHOSTBYNAME 1
#define HAVE_GETTIMEOFDAY 1
#define HAVE_INET_NTOA 1
#define HAVE_SELECT 1
#define HAVE_SOCKET 1
#define HAVE_STRCASECMP 1
#define HAVE_STRDUP 1
#define HAVE_STRSTR 1

configure: exit 0
